<?xml version="1.0" encoding="UTF-8"?>
<!-- Generated by org.testng.reporters.JUnitReportReporter -->
<testsuite hostname="DESKTOP-DR8JI06" failures="0" tests="1" name="com.qa.selenium.testcase.test" time="8.481" errors="0" timestamp="28 Oct 2022 14:38:15 GMT" skipped="0">
  <testcase classname="com.qa.selenium.testcase.test" name="tests" time="8.481"/>
</testsuite> <!-- com.qa.selenium.testcase.test -->
